DEBUG:root:This message should go to the log file
INFO:root:So should this
WARNING:root:And this, too
INFO:root:So should this
DEBUG:root:This message should go to the log file
INFO:root:So should this
WARNING:root:And this, too
INFO:root:So should this
INFO:root:So should this
INFO:root:So should this
DEBUG:root:This message should go to the log file
INFO:root:So should this
WARNING:root:And this, too
INFO:root:So should this
INFO:root:So should this
INFO:root:So should this
INFO:root:So should this
INFO:root:So should this
INFO:root:So should this
INFO:root:So should this
INFO:root:So should this
INFO:root:So should this
INFO:root:So should this
INFO:root:So should this
INFO:root:So should this
INFO:root:So should this
INFO:root:So should this
INFO:root:So should this
INFO:root:So should this
INFO:root:So should this
INFO:root:So should this
INFO:root:02-12-2018 11:42:10 AM
DEBUG:root:This message should go to the log file
INFO:root:So should this
WARNING:root:And this, too
INFO:root:So should this
INFO:root:So should this
INFO:root:So should this
INFO:root:So should this
INFO:root:So should this
INFO:root:
02-12-2018 11:42:52 AM
DEBUG:root:This message should go to the log file
INFO:root:So should this
WARNING:root:And this, too
INFO:root:So should this
INFO:root:So should this
INFO:root:
INFO:root:02-12-2018 11:43:25 AM
DEBUG:root:This message should go to the log file
INFO:root:So should this
WARNING:root:And this, too
INFO:root:So should this
INFO:root:So should this
INFO:root:So should this
INFO:root:02-12-2018 11:58:52 AM
DEBUG:root:This message should go to the log file
INFO:root:So should this
WARNING:root:And this, too
